{"/Users/williamquinones/Downloads/rest_api_node_ts_server/src/router.ts": {"path":"/Users/williamquinones/Downloads/rest_api_node_ts_server/src/router.ts","statementMap":{"0":{"start":{"line":1,"column":0},"end":{"line":1,"column":32}},"1":{"start":{"line":2,"column":0},"end":{"line":2,"column":47}},"2":{"start":{"line":3,"column":0},"end":{"line":3,"column":129}},"3":{"start":{"line":4,"column":0},"end":{"line":4,"column":48}},"4":{"start":{"line":6,"column":15},"end":{"line":6,"column":23}},"5":{"start":{"line":9,"column":0},"end":{"line":9,"column":null}},"6":{"start":{"line":10,"column":0},"end":{"line":14,"column":null}},"7":{"start":{"line":16,"column":0},"end":{"line":26,"column":null}},"8":{"start":{"line":23,"column":25},"end":{"line":23,"column":34}},"9":{"start":{"line":28,"column":0},"end":{"line":40,"column":null}},"10":{"start":{"line":35,"column":25},"end":{"line":35,"column":34}},"11":{"start":{"line":42,"column":0},"end":{"line":46,"column":null}},"12":{"start":{"line":48,"column":0},"end":{"line":52,"column":null}},"13":{"start":{"line":54,"column":0},"end":{"line":54,"column":null}}},"fnMap":{"0":{"name":"(anonymous_0)","decl":{"start":{"line":23,"column":16},"end":{"line":23,"column":21}},"loc":{"start":{"line":23,"column":25},"end":{"line":23,"column":34}}},"1":{"name":"(anonymous_1)","decl":{"start":{"line":35,"column":16},"end":{"line":35,"column":21}},"loc":{"start":{"line":35,"column":25},"end":{"line":35,"column":34}}}},"branchMap":{},"s":{"0":2,"1":2,"2":2,"3":2,"4":2,"5":2,"6":2,"7":2,"8":4,"9":2,"10":5,"11":2,"12":2,"13":2},"f":{"0":4,"1":5},"b":{}}
,"/Users/williamquinones/Downloads/rest_api_node_ts_server/src/server.ts": {"path":"/Users/williamquinones/Downloads/rest_api_node_ts_server/src/server.ts","statementMap":{"0":{"start":{"line":1,"column":0},"end":{"line":1,"column":30}},"1":{"start":{"line":2,"column":0},"end":{"line":2,"column":28}},"2":{"start":{"line":3,"column":0},"end":{"line":3,"column":30}},"3":{"start":{"line":4,"column":0},"end":{"line":4,"column":29}},"4":{"start":{"line":8,"column":3},"end":{"line":15,"column":null}},"5":{"start":{"line":9,"column":6},"end":{"line":9,"column":30}},"6":{"start":{"line":10,"column":6},"end":{"line":10,"column":16}},"7":{"start":{"line":14,"column":6},"end":{"line":14,"column":72}},"8":{"start":{"line":7,"column":0},"end":{"line":7,"column":7}},"9":{"start":{"line":17,"column":0},"end":{"line":17,"column":12}},"10":{"start":{"line":20,"column":15},"end":{"line":20,"column":24}},"11":{"start":{"line":23,"column":0},"end":{"line":23,"column":27}},"12":{"start":{"line":25,"column":0},"end":{"line":25,"column":36}},"13":{"start":{"line":26,"column":0},"end":{"line":28,"column":3}},"14":{"start":{"line":27,"column":3},"end":{"line":27,"column":34}},"15":{"start":{"line":30,"column":0},"end":{"line":30,"column":22}}},"fnMap":{"0":{"name":"connectDB","decl":{"start":{"line":7,"column":22},"end":{"line":7,"column":31}},"loc":{"start":{"line":7,"column":31},"end":{"line":16,"column":1}}},"1":{"name":"(anonymous_2)","decl":{"start":{"line":26,"column":19},"end":{"line":26,"column":20}},"loc":{"start":{"line":26,"column":32},"end":{"line":28,"column":1}}}},"branchMap":{},"s":{"0":2,"1":2,"2":2,"3":2,"4":3,"5":3,"6":2,"7":1,"8":2,"9":2,"10":2,"11":2,"12":2,"13":2,"14":1,"15":2},"f":{"0":3,"1":1},"b":{}}
,"/Users/williamquinones/Downloads/rest_api_node_ts_server/src/config/db.ts": {"path":"/Users/williamquinones/Downloads/rest_api_node_ts_server/src/config/db.ts","statementMap":{"0":{"start":{"line":1,"column":0},"end":{"line":1,"column":48}},"1":{"start":{"line":2,"column":0},"end":{"line":2,"column":27}},"2":{"start":{"line":3,"column":0},"end":{"line":3,"column":null}},"3":{"start":{"line":5,"column":11},"end":{"line":8,"column":2}},"4":{"start":{"line":10,"column":0},"end":{"line":10,"column":null}}},"fnMap":{},"branchMap":{},"s":{"0":2,"1":2,"2":2,"3":2,"4":2},"f":{},"b":{}}
,"/Users/williamquinones/Downloads/rest_api_node_ts_server/src/handlers/product.ts": {"path":"/Users/williamquinones/Downloads/rest_api_node_ts_server/src/handlers/product.ts","statementMap":{"0":{"start":{"line":2,"column":0},"end":{"line":2,"column":46}},"1":{"start":{"line":4,"column":27},"end":{"line":9,"column":1}},"2":{"start":{"line":5,"column":20},"end":{"line":7,"column":5}},"3":{"start":{"line":8,"column":3},"end":{"line":8,"column":32}},"4":{"start":{"line":4,"column":13},"end":{"line":4,"column":27}},"5":{"start":{"line":11,"column":30},"end":{"line":22,"column":1}},"6":{"start":{"line":12,"column":18},"end":{"line":12,"column":28}},"7":{"start":{"line":13,"column":19},"end":{"line":13,"column":45}},"8":{"start":{"line":15,"column":3},"end":{"line":19,"column":null}},"9":{"start":{"line":16,"column":6},"end":{"line":18,"column":9}},"10":{"start":{"line":21,"column":3},"end":{"line":21,"column":31}},"11":{"start":{"line":11,"column":13},"end":{"line":11,"column":30}},"12":{"start":{"line":24,"column":29},"end":{"line":27,"column":1}},"13":{"start":{"line":25,"column":19},"end":{"line":25,"column":49}},"14":{"start":{"line":26,"column":3},"end":{"line":26,"column":43}},"15":{"start":{"line":24,"column":13},"end":{"line":24,"column":29}},"16":{"start":{"line":29,"column":29},"end":{"line":43,"column":1}},"17":{"start":{"line":30,"column":18},"end":{"line":30,"column":28}},"18":{"start":{"line":31,"column":19},"end":{"line":31,"column":45}},"19":{"start":{"line":33,"column":3},"end":{"line":37,"column":null}},"20":{"start":{"line":34,"column":6},"end":{"line":36,"column":9}},"21":{"start":{"line":40,"column":3},"end":{"line":40,"column":34}},"22":{"start":{"line":41,"column":3},"end":{"line":41,"column":24}},"23":{"start":{"line":42,"column":3},"end":{"line":42,"column":31}},"24":{"start":{"line":29,"column":13},"end":{"line":29,"column":29}},"25":{"start":{"line":45,"column":34},"end":{"line":59,"column":1}},"26":{"start":{"line":46,"column":18},"end":{"line":46,"column":28}},"27":{"start":{"line":47,"column":19},"end":{"line":47,"column":45}},"28":{"start":{"line":49,"column":3},"end":{"line":53,"column":null}},"29":{"start":{"line":50,"column":6},"end":{"line":52,"column":9}},"30":{"start":{"line":56,"column":3},"end":{"line":56,"column":59}},"31":{"start":{"line":57,"column":3},"end":{"line":57,"column":24}},"32":{"start":{"line":58,"column":3},"end":{"line":58,"column":31}},"33":{"start":{"line":45,"column":13},"end":{"line":45,"column":34}},"34":{"start":{"line":61,"column":29},"end":{"line":73,"column":1}},"35":{"start":{"line":62,"column":18},"end":{"line":62,"column":28}},"36":{"start":{"line":63,"column":19},"end":{"line":63,"column":45}},"37":{"start":{"line":65,"column":3},"end":{"line":69,"column":null}},"38":{"start":{"line":66,"column":6},"end":{"line":68,"column":9}},"39":{"start":{"line":71,"column":3},"end":{"line":71,"column":27}},"40":{"start":{"line":72,"column":3},"end":{"line":72,"column":44}},"41":{"start":{"line":61,"column":13},"end":{"line":61,"column":29}}},"fnMap":{"0":{"name":"(anonymous_1)","decl":{"start":{"line":4,"column":27},"end":{"line":4,"column":32}},"loc":{"start":{"line":4,"column":65},"end":{"line":9,"column":1}}},"1":{"name":"(anonymous_2)","decl":{"start":{"line":11,"column":30},"end":{"line":11,"column":35}},"loc":{"start":{"line":11,"column":68},"end":{"line":22,"column":1}}},"2":{"name":"(anonymous_3)","decl":{"start":{"line":24,"column":29},"end":{"line":24,"column":34}},"loc":{"start":{"line":24,"column":67},"end":{"line":27,"column":1}}},"3":{"name":"(anonymous_4)","decl":{"start":{"line":29,"column":29},"end":{"line":29,"column":34}},"loc":{"start":{"line":29,"column":67},"end":{"line":43,"column":1}}},"4":{"name":"(anonymous_5)","decl":{"start":{"line":45,"column":34},"end":{"line":45,"column":39}},"loc":{"start":{"line":45,"column":72},"end":{"line":59,"column":1}}},"5":{"name":"(anonymous_6)","decl":{"start":{"line":61,"column":29},"end":{"line":61,"column":34}},"loc":{"start":{"line":61,"column":67},"end":{"line":73,"column":1}}}},"branchMap":{"0":{"loc":{"start":{"line":15,"column":3},"end":{"line":19,"column":null}},"type":"if","locations":[{"start":{"line":15,"column":3},"end":{"line":19,"column":null}}]},"1":{"loc":{"start":{"line":33,"column":3},"end":{"line":37,"column":null}},"type":"if","locations":[{"start":{"line":33,"column":3},"end":{"line":37,"column":null}}]},"2":{"loc":{"start":{"line":49,"column":3},"end":{"line":53,"column":null}},"type":"if","locations":[{"start":{"line":49,"column":3},"end":{"line":53,"column":null}}]},"3":{"loc":{"start":{"line":65,"column":3},"end":{"line":69,"column":null}},"type":"if","locations":[{"start":{"line":65,"column":3},"end":{"line":69,"column":null}}]}},"s":{"0":2,"1":2,"2":2,"3":2,"4":2,"5":2,"6":2,"7":2,"8":2,"9":1,"10":1,"11":2,"12":2,"13":1,"14":1,"15":2,"16":2,"17":2,"18":2,"19":2,"20":1,"21":1,"22":1,"23":1,"24":2,"25":2,"26":2,"27":2,"28":2,"29":1,"30":1,"31":1,"32":1,"33":2,"34":2,"35":2,"36":2,"37":2,"38":1,"39":1,"40":1,"41":2},"f":{"0":2,"1":2,"2":1,"3":2,"4":2,"5":2},"b":{"0":[1],"1":[1],"2":[1],"3":[1]}}
,"/Users/williamquinones/Downloads/rest_api_node_ts_server/src/middleware/index.ts": {"path":"/Users/williamquinones/Downloads/rest_api_node_ts_server/src/middleware/index.ts","statementMap":{"0":{"start":{"line":2,"column":0},"end":{"line":2,"column":52}},"1":{"start":{"line":4,"column":33},"end":{"line":10,"column":1}},"2":{"start":{"line":5,"column":17},"end":{"line":5,"column":38}},"3":{"start":{"line":6,"column":4},"end":{"line":8,"column":null}},"4":{"start":{"line":7,"column":8},"end":{"line":7,"column":null}},"5":{"start":{"line":9,"column":4},"end":{"line":9,"column":null}},"6":{"start":{"line":4,"column":13},"end":{"line":4,"column":33}}},"fnMap":{"0":{"name":"(anonymous_0)","decl":{"start":{"line":4,"column":33},"end":{"line":4,"column":34}},"loc":{"start":{"line":4,"column":85},"end":{"line":10,"column":1}}}},"branchMap":{"0":{"loc":{"start":{"line":6,"column":4},"end":{"line":8,"column":null}},"type":"if","locations":[{"start":{"line":6,"column":4},"end":{"line":8,"column":null}}]}},"s":{"0":2,"1":2,"2":17,"3":17,"4":8,"5":9,"6":2},"f":{"0":17},"b":{"0":[8]}}
,"/Users/williamquinones/Downloads/rest_api_node_ts_server/src/models/Product.model.ts": {"path":"/Users/williamquinones/Downloads/rest_api_node_ts_server/src/models/Product.model.ts","statementMap":{"0":{"start":{"line":1,"column":0},"end":{"line":1,"column":78}},"1":{"start":{"line":7,"column":0},"end":{"line":23,"column":null}},"2":{"start":{"line":11,"column":12},"end":{"line":11,"column":null}},"3":{"start":{"line":16,"column":12},"end":{"line":16,"column":null}},"4":{"start":{"line":22,"column":12},"end":{"line":22,"column":null}},"5":{"start":{"line":7,"column":6},"end":{"line":23,"column":null}},"6":{"start":{"line":25,"column":0},"end":{"line":25,"column":null}}},"fnMap":{},"branchMap":{},"s":{"0":3,"1":3,"2":3,"3":3,"4":3,"5":3,"6":3},"f":{},"b":{}}
}
